<?xml version="1.0" encoding="UTF-8"?>
<!-- Generated by org.testng.reporters.JUnitReportReporter -->
<testsuite hostname="sud-Vostro-15-3568" failures="0" tests="1" name="new_one.KiteLoginTest" time="5.403" errors="0" timestamp="2021-07-22T13:59:36 IST" skipped="0">
  <testcase classname="new_one.KiteLoginTest" name="verifyUserID" time="5.403"/>
  <system-out>
    <![CDATA[running verifyUserID test script]]>
  </system-out>
</testsuite> <!-- new_one.KiteLoginTest -->
