<?xml version="1.0" encoding="UTF-8"?>
<!-- Generated by org.testng.reporters.JUnitReportReporter -->
<testsuite hostname="sud-Vostro-15-3568" failures="0" tests="1" name="new_two.KiteLoginTest" time="4.464" errors="0" timestamp="2021-07-22T16:59:09 IST" skipped="0">
  <testcase classname="new_two.KiteLoginTest" name="verifyUserID" time="4.464"/>
  <system-out>
    <![CDATA[running verifyUserID test script]]>
  </system-out>
</testsuite> <!-- new_two.KiteLoginTest -->
